[2026-02-24T12:56:16.462+0000] {manager.py:470} INFO - Processing files using up to 2 processes at a time 
[2026-02-24T12:56:16.464+0000] {manager.py:471} INFO - Process each file at most once every 30 seconds
[2026-02-24T12:56:16.466+0000] {manager.py:472} INFO - Checking for new files in /usr/local/airflow/dags every 300 seconds
[2026-02-24T12:56:16.468+0000] {manager.py:737} INFO - Searching for files in /usr/local/airflow/dags
[2026-02-24T12:56:16.502+0000] {manager.py:740} INFO - There are 1 files in /usr/local/airflow/dags
[2026-02-24T12:56:16.674+0000] {manager.py:878} INFO - 
================================================================================
DAG File Processing Stats

File Path                                PID  Runtime      # DAGs    # Errors  Last Runtime    Last Run
-------------------------------------  -----  ---------  --------  ----------  --------------  ----------
/usr/local/airflow/dags/exampledag.py    171  0.04s             0           0
================================================================================
[2026-02-24T12:56:48.543+0000] {manager.py:878} INFO - 
================================================================================
DAG File Processing Stats

File Path                              PID    Runtime      # DAGs    # Errors  Last Runtime    Last Run
-------------------------------------  -----  ---------  --------  ----------  --------------  -------------------
/usr/local/airflow/dags/exampledag.py                           0           1  0.12s           2026-02-24T12:56:47
================================================================================
[2026-02-24T12:57:20.189+0000] {manager.py:878} INFO - 
================================================================================
DAG File Processing Stats

File Path                              PID    Runtime      # DAGs    # Errors  Last Runtime    Last Run
-------------------------------------  -----  ---------  --------  ----------  --------------  -------------------
/usr/local/airflow/dags/exampledag.py                           0           1  0.10s           2026-02-24T12:57:18
================================================================================
[2026-02-24T12:57:51.957+0000] {manager.py:878} INFO - 
================================================================================
DAG File Processing Stats

File Path                              PID    Runtime      # DAGs    # Errors  Last Runtime    Last Run
-------------------------------------  -----  ---------  --------  ----------  --------------  -------------------
/usr/local/airflow/dags/exampledag.py                           0           1  0.22s           2026-02-24T12:57:49
================================================================================
[2026-02-24T12:58:24.037+0000] {manager.py:878} INFO - 
================================================================================
DAG File Processing Stats

File Path                              PID    Runtime      # DAGs    # Errors  Last Runtime    Last Run
-------------------------------------  -----  ---------  --------  ----------  --------------  -------------------
/usr/local/airflow/dags/exampledag.py                           0           1  0.18s           2026-02-24T12:58:20
================================================================================
[2026-02-24T12:58:55.914+0000] {manager.py:878} INFO - 
================================================================================
DAG File Processing Stats

File Path                              PID    Runtime      # DAGs    # Errors  Last Runtime    Last Run
-------------------------------------  -----  ---------  --------  ----------  --------------  -------------------
/usr/local/airflow/dags/exampledag.py                           0           1  0.22s           2026-02-24T12:58:51
================================================================================
[2026-02-24T12:59:27.713+0000] {manager.py:878} INFO - 
================================================================================
DAG File Processing Stats

File Path                              PID    Runtime      # DAGs    # Errors  Last Runtime    Last Run
-------------------------------------  -----  ---------  --------  ----------  --------------  -------------------
/usr/local/airflow/dags/exampledag.py                           0           1  0.15s           2026-02-24T12:59:21
================================================================================
[2026-02-24T12:59:59.557+0000] {manager.py:878} INFO - 
================================================================================
DAG File Processing Stats

File Path                              PID    Runtime      # DAGs    # Errors  Last Runtime    Last Run
-------------------------------------  -----  ---------  --------  ----------  --------------  -------------------
/usr/local/airflow/dags/exampledag.py                           0           1  0.22s           2026-02-24T12:59:52
================================================================================
[2026-02-24T13:00:31.502+0000] {manager.py:878} INFO - 
================================================================================
DAG File Processing Stats

File Path                              PID    Runtime      # DAGs    # Errors  Last Runtime    Last Run
-------------------------------------  -----  ---------  --------  ----------  --------------  -------------------
/usr/local/airflow/dags/exampledag.py                           0           1  0.17s           2026-02-24T13:00:23
================================================================================
[2026-02-24T13:01:03.294+0000] {manager.py:878} INFO - 
================================================================================
DAG File Processing Stats

File Path                              PID    Runtime      # DAGs    # Errors  Last Runtime    Last Run
-------------------------------------  -----  ---------  --------  ----------  --------------  -------------------
/usr/local/airflow/dags/exampledag.py                           0           1  0.12s           2026-02-24T13:00:54
================================================================================
[2026-02-24T13:01:14.381+0000] {manager.py:1128} WARNING - Skipping processing of missing file: /usr/local/airflow/dags/exampledag.py
[2026-02-24T13:01:16.508+0000] {manager.py:737} INFO - Searching for files in /usr/local/airflow/dags
[2026-02-24T13:01:16.541+0000] {manager.py:740} INFO - There are 0 files in /usr/local/airflow/dags
[2026-02-24T13:02:14.638+0000] {manager.py:452} INFO - Exiting gracefully upon receiving signal 15
[2026-02-24T13:04:12.984+0000] {manager.py:470} INFO - Processing files using up to 2 processes at a time 
[2026-02-24T13:04:12.987+0000] {manager.py:471} INFO - Process each file at most once every 30 seconds
[2026-02-24T13:04:12.989+0000] {manager.py:472} INFO - Checking for new files in /usr/local/airflow/dags every 300 seconds
[2026-02-24T13:04:12.992+0000] {manager.py:737} INFO - Searching for files in /usr/local/airflow/dags
[2026-02-24T13:04:13.023+0000] {manager.py:740} INFO - There are 0 files in /usr/local/airflow/dags
[2026-02-24T13:09:13.589+0000] {manager.py:737} INFO - Searching for files in /usr/local/airflow/dags
[2026-02-24T13:09:13.623+0000] {manager.py:740} INFO - There are 0 files in /usr/local/airflow/dags
[2026-02-24T13:09:26.770+0000] {manager.py:452} INFO - Exiting gracefully upon receiving signal 15
