[2026-02-24T12:56:16.681+0000] {processor.py:161} INFO - Started process (PID=171) to work on /usr/local/airflow/dags/exampledag.py
[2026-02-24T12:56:16.682+0000] {processor.py:830} INFO - Processing file /usr/local/airflow/dags/exampledag.py for tasks to queue
[2026-02-24T12:56:16.684+0000] {logging_mixin.py:188} INFO - [2026-02-24T12:56:16.683+0000] {dagbag.py:545} INFO - Filling up the DagBag from /usr/local/airflow/dags/exampledag.py
[2026-02-24T12:56:16.710+0000] {logging_mixin.py:188} INFO - [2026-02-24T12:56:16.704+0000] {dagbag.py:355} ERROR - Failed to import: /usr/local/airflow/dags/exampledag.py
Traceback (most recent call last):
  File "/usr/local/lib/python3.11/site-packages/airflow/models/dagbag.py", line 351, in parse
    loader.exec_module(new_module)
  File "<frozen importlib._bootstrap_external>", line 940, in exec_module
  File "<frozen importlib._bootstrap>", line 241, in _call_with_frames_removed
  File "/usr/local/airflow/dags/exampledag.py", line 23, in <module>
    from airflow.sdk import Asset, dag, task
ModuleNotFoundError: No module named 'airflow.sdk'
[2026-02-24T12:56:16.713+0000] {processor.py:842} WARNING - No viable dags retrieved from /usr/local/airflow/dags/exampledag.py
[2026-02-24T12:56:16.747+0000] {processor.py:183} INFO - Processing /usr/local/airflow/dags/exampledag.py took 0.076 seconds
[2026-02-24T12:56:47.505+0000] {processor.py:161} INFO - Started process (PID=178) to work on /usr/local/airflow/dags/exampledag.py
[2026-02-24T12:56:47.507+0000] {processor.py:830} INFO - Processing file /usr/local/airflow/dags/exampledag.py for tasks to queue
[2026-02-24T12:56:47.509+0000] {logging_mixin.py:188} INFO - [2026-02-24T12:56:47.508+0000] {dagbag.py:545} INFO - Filling up the DagBag from /usr/local/airflow/dags/exampledag.py
[2026-02-24T12:56:47.541+0000] {logging_mixin.py:188} INFO - [2026-02-24T12:56:47.534+0000] {dagbag.py:355} ERROR - Failed to import: /usr/local/airflow/dags/exampledag.py
Traceback (most recent call last):
  File "/usr/local/lib/python3.11/site-packages/airflow/models/dagbag.py", line 351, in parse
    loader.exec_module(new_module)
  File "<frozen importlib._bootstrap_external>", line 940, in exec_module
  File "<frozen importlib._bootstrap>", line 241, in _call_with_frames_removed
  File "/usr/local/airflow/dags/exampledag.py", line 23, in <module>
    from airflow.sdk import Asset, dag, task
ModuleNotFoundError: No module named 'airflow.sdk'
[2026-02-24T12:56:47.543+0000] {processor.py:842} WARNING - No viable dags retrieved from /usr/local/airflow/dags/exampledag.py
[2026-02-24T12:56:47.573+0000] {processor.py:183} INFO - Processing /usr/local/airflow/dags/exampledag.py took 0.079 seconds
[2026-02-24T12:57:18.199+0000] {processor.py:161} INFO - Started process (PID=183) to work on /usr/local/airflow/dags/exampledag.py
[2026-02-24T12:57:18.201+0000] {processor.py:830} INFO - Processing file /usr/local/airflow/dags/exampledag.py for tasks to queue
[2026-02-24T12:57:18.202+0000] {logging_mixin.py:188} INFO - [2026-02-24T12:57:18.202+0000] {dagbag.py:545} INFO - Filling up the DagBag from /usr/local/airflow/dags/exampledag.py
[2026-02-24T12:57:18.223+0000] {logging_mixin.py:188} INFO - [2026-02-24T12:57:18.219+0000] {dagbag.py:355} ERROR - Failed to import: /usr/local/airflow/dags/exampledag.py
Traceback (most recent call last):
  File "/usr/local/lib/python3.11/site-packages/airflow/models/dagbag.py", line 351, in parse
    loader.exec_module(new_module)
  File "<frozen importlib._bootstrap_external>", line 940, in exec_module
  File "<frozen importlib._bootstrap>", line 241, in _call_with_frames_removed
  File "/usr/local/airflow/dags/exampledag.py", line 23, in <module>
    from airflow.sdk import Asset, dag, task
ModuleNotFoundError: No module named 'airflow.sdk'
[2026-02-24T12:57:18.225+0000] {processor.py:842} WARNING - No viable dags retrieved from /usr/local/airflow/dags/exampledag.py
[2026-02-24T12:57:18.251+0000] {processor.py:183} INFO - Processing /usr/local/airflow/dags/exampledag.py took 0.061 seconds
[2026-02-24T12:57:48.941+0000] {processor.py:161} INFO - Started process (PID=188) to work on /usr/local/airflow/dags/exampledag.py
[2026-02-24T12:57:48.945+0000] {processor.py:830} INFO - Processing file /usr/local/airflow/dags/exampledag.py for tasks to queue
[2026-02-24T12:57:48.948+0000] {logging_mixin.py:188} INFO - [2026-02-24T12:57:48.947+0000] {dagbag.py:545} INFO - Filling up the DagBag from /usr/local/airflow/dags/exampledag.py
[2026-02-24T12:57:49.005+0000] {logging_mixin.py:188} INFO - [2026-02-24T12:57:48.992+0000] {dagbag.py:355} ERROR - Failed to import: /usr/local/airflow/dags/exampledag.py
Traceback (most recent call last):
  File "/usr/local/lib/python3.11/site-packages/airflow/models/dagbag.py", line 351, in parse
    loader.exec_module(new_module)
  File "<frozen importlib._bootstrap_external>", line 940, in exec_module
  File "<frozen importlib._bootstrap>", line 241, in _call_with_frames_removed
  File "/usr/local/airflow/dags/exampledag.py", line 23, in <module>
    from airflow.sdk import Asset, dag, task
ModuleNotFoundError: No module named 'airflow.sdk'
[2026-02-24T12:57:49.009+0000] {processor.py:842} WARNING - No viable dags retrieved from /usr/local/airflow/dags/exampledag.py
[2026-02-24T12:57:49.064+0000] {processor.py:183} INFO - Processing /usr/local/airflow/dags/exampledag.py took 0.140 seconds
[2026-02-24T12:58:19.973+0000] {processor.py:161} INFO - Started process (PID=193) to work on /usr/local/airflow/dags/exampledag.py
[2026-02-24T12:58:19.976+0000] {processor.py:830} INFO - Processing file /usr/local/airflow/dags/exampledag.py for tasks to queue
[2026-02-24T12:58:19.979+0000] {logging_mixin.py:188} INFO - [2026-02-24T12:58:19.978+0000] {dagbag.py:545} INFO - Filling up the DagBag from /usr/local/airflow/dags/exampledag.py
[2026-02-24T12:58:20.013+0000] {logging_mixin.py:188} INFO - [2026-02-24T12:58:20.006+0000] {dagbag.py:355} ERROR - Failed to import: /usr/local/airflow/dags/exampledag.py
Traceback (most recent call last):
  File "/usr/local/lib/python3.11/site-packages/airflow/models/dagbag.py", line 351, in parse
    loader.exec_module(new_module)
  File "<frozen importlib._bootstrap_external>", line 940, in exec_module
  File "<frozen importlib._bootstrap>", line 241, in _call_with_frames_removed
  File "/usr/local/airflow/dags/exampledag.py", line 23, in <module>
    from airflow.sdk import Asset, dag, task
ModuleNotFoundError: No module named 'airflow.sdk'
[2026-02-24T12:58:20.016+0000] {processor.py:842} WARNING - No viable dags retrieved from /usr/local/airflow/dags/exampledag.py
[2026-02-24T12:58:20.049+0000] {processor.py:183} INFO - Processing /usr/local/airflow/dags/exampledag.py took 0.094 seconds
[2026-02-24T12:58:50.908+0000] {processor.py:161} INFO - Started process (PID=198) to work on /usr/local/airflow/dags/exampledag.py
[2026-02-24T12:58:50.912+0000] {processor.py:830} INFO - Processing file /usr/local/airflow/dags/exampledag.py for tasks to queue
[2026-02-24T12:58:50.915+0000] {logging_mixin.py:188} INFO - [2026-02-24T12:58:50.914+0000] {dagbag.py:545} INFO - Filling up the DagBag from /usr/local/airflow/dags/exampledag.py
[2026-02-24T12:58:50.972+0000] {logging_mixin.py:188} INFO - [2026-02-24T12:58:50.960+0000] {dagbag.py:355} ERROR - Failed to import: /usr/local/airflow/dags/exampledag.py
Traceback (most recent call last):
  File "/usr/local/lib/python3.11/site-packages/airflow/models/dagbag.py", line 351, in parse
    loader.exec_module(new_module)
  File "<frozen importlib._bootstrap_external>", line 940, in exec_module
  File "<frozen importlib._bootstrap>", line 241, in _call_with_frames_removed
  File "/usr/local/airflow/dags/exampledag.py", line 23, in <module>
    from airflow.sdk import Asset, dag, task
ModuleNotFoundError: No module named 'airflow.sdk'
[2026-02-24T12:58:50.977+0000] {processor.py:842} WARNING - No viable dags retrieved from /usr/local/airflow/dags/exampledag.py
[2026-02-24T12:58:51.031+0000] {processor.py:183} INFO - Processing /usr/local/airflow/dags/exampledag.py took 0.143 seconds
[2026-02-24T12:59:21.614+0000] {processor.py:161} INFO - Started process (PID=203) to work on /usr/local/airflow/dags/exampledag.py
[2026-02-24T12:59:21.616+0000] {processor.py:830} INFO - Processing file /usr/local/airflow/dags/exampledag.py for tasks to queue
[2026-02-24T12:59:21.618+0000] {logging_mixin.py:188} INFO - [2026-02-24T12:59:21.617+0000] {dagbag.py:545} INFO - Filling up the DagBag from /usr/local/airflow/dags/exampledag.py
[2026-02-24T12:59:21.650+0000] {logging_mixin.py:188} INFO - [2026-02-24T12:59:21.643+0000] {dagbag.py:355} ERROR - Failed to import: /usr/local/airflow/dags/exampledag.py
Traceback (most recent call last):
  File "/usr/local/lib/python3.11/site-packages/airflow/models/dagbag.py", line 351, in parse
    loader.exec_module(new_module)
  File "<frozen importlib._bootstrap_external>", line 940, in exec_module
  File "<frozen importlib._bootstrap>", line 241, in _call_with_frames_removed
  File "/usr/local/airflow/dags/exampledag.py", line 23, in <module>
    from airflow.sdk import Asset, dag, task
ModuleNotFoundError: No module named 'airflow.sdk'
[2026-02-24T12:59:21.653+0000] {processor.py:842} WARNING - No viable dags retrieved from /usr/local/airflow/dags/exampledag.py
[2026-02-24T12:59:21.680+0000] {processor.py:183} INFO - Processing /usr/local/airflow/dags/exampledag.py took 0.074 seconds
[2026-02-24T12:59:52.532+0000] {processor.py:161} INFO - Started process (PID=208) to work on /usr/local/airflow/dags/exampledag.py
[2026-02-24T12:59:52.535+0000] {processor.py:830} INFO - Processing file /usr/local/airflow/dags/exampledag.py for tasks to queue
[2026-02-24T12:59:52.537+0000] {logging_mixin.py:188} INFO - [2026-02-24T12:59:52.537+0000] {dagbag.py:545} INFO - Filling up the DagBag from /usr/local/airflow/dags/exampledag.py
[2026-02-24T12:59:52.595+0000] {logging_mixin.py:188} INFO - [2026-02-24T12:59:52.582+0000] {dagbag.py:355} ERROR - Failed to import: /usr/local/airflow/dags/exampledag.py
Traceback (most recent call last):
  File "/usr/local/lib/python3.11/site-packages/airflow/models/dagbag.py", line 351, in parse
    loader.exec_module(new_module)
  File "<frozen importlib._bootstrap_external>", line 940, in exec_module
  File "<frozen importlib._bootstrap>", line 241, in _call_with_frames_removed
  File "/usr/local/airflow/dags/exampledag.py", line 23, in <module>
    from airflow.sdk import Asset, dag, task
ModuleNotFoundError: No module named 'airflow.sdk'
[2026-02-24T12:59:52.600+0000] {processor.py:842} WARNING - No viable dags retrieved from /usr/local/airflow/dags/exampledag.py
[2026-02-24T12:59:52.649+0000] {processor.py:183} INFO - Processing /usr/local/airflow/dags/exampledag.py took 0.133 seconds
[2026-02-24T13:00:23.501+0000] {processor.py:161} INFO - Started process (PID=213) to work on /usr/local/airflow/dags/exampledag.py
[2026-02-24T13:00:23.505+0000] {processor.py:830} INFO - Processing file /usr/local/airflow/dags/exampledag.py for tasks to queue
[2026-02-24T13:00:23.507+0000] {logging_mixin.py:188} INFO - [2026-02-24T13:00:23.507+0000] {dagbag.py:545} INFO - Filling up the DagBag from /usr/local/airflow/dags/exampledag.py
[2026-02-24T13:00:23.540+0000] {logging_mixin.py:188} INFO - [2026-02-24T13:00:23.533+0000] {dagbag.py:355} ERROR - Failed to import: /usr/local/airflow/dags/exampledag.py
Traceback (most recent call last):
  File "/usr/local/lib/python3.11/site-packages/airflow/models/dagbag.py", line 351, in parse
    loader.exec_module(new_module)
  File "<frozen importlib._bootstrap_external>", line 940, in exec_module
  File "<frozen importlib._bootstrap>", line 241, in _call_with_frames_removed
  File "/usr/local/airflow/dags/exampledag.py", line 23, in <module>
    from airflow.sdk import Asset, dag, task
ModuleNotFoundError: No module named 'airflow.sdk'
[2026-02-24T13:00:23.542+0000] {processor.py:842} WARNING - No viable dags retrieved from /usr/local/airflow/dags/exampledag.py
[2026-02-24T13:00:23.571+0000] {processor.py:183} INFO - Processing /usr/local/airflow/dags/exampledag.py took 0.089 seconds
[2026-02-24T13:00:54.263+0000] {processor.py:161} INFO - Started process (PID=218) to work on /usr/local/airflow/dags/exampledag.py
[2026-02-24T13:00:54.265+0000] {processor.py:830} INFO - Processing file /usr/local/airflow/dags/exampledag.py for tasks to queue
[2026-02-24T13:00:54.266+0000] {logging_mixin.py:188} INFO - [2026-02-24T13:00:54.266+0000] {dagbag.py:545} INFO - Filling up the DagBag from /usr/local/airflow/dags/exampledag.py
[2026-02-24T13:00:54.298+0000] {logging_mixin.py:188} INFO - [2026-02-24T13:00:54.291+0000] {dagbag.py:355} ERROR - Failed to import: /usr/local/airflow/dags/exampledag.py
Traceback (most recent call last):
  File "/usr/local/lib/python3.11/site-packages/airflow/models/dagbag.py", line 351, in parse
    loader.exec_module(new_module)
  File "<frozen importlib._bootstrap_external>", line 940, in exec_module
  File "<frozen importlib._bootstrap>", line 241, in _call_with_frames_removed
  File "/usr/local/airflow/dags/exampledag.py", line 23, in <module>
    from airflow.sdk import Asset, dag, task
ModuleNotFoundError: No module named 'airflow.sdk'
[2026-02-24T13:00:54.301+0000] {processor.py:842} WARNING - No viable dags retrieved from /usr/local/airflow/dags/exampledag.py
[2026-02-24T13:00:54.327+0000] {processor.py:183} INFO - Processing /usr/local/airflow/dags/exampledag.py took 0.072 seconds
